build/app/outputs/mapping/release/mapping.txt
# compiler: R8
# compiler_version: 1.5.64
# min_api: 16
# pg_map_id: 5579b29
...
androidx.core.app.CoreComponentFactory$CompatWrapped -> androidx.core.app.CoreComponentFactory$a:
    java.lang.Object getWrapper() -> a
androidx.core.app.RemoteActionCompat -> androidx.core.app.RemoteActionCompat:
    androidx.core.graphics.drawable.IconCompat mIcon -> a
    java.lang.CharSequence mTitle -> b
    java.lang.CharSequence mContentDescription -> c
    boolean mEnabled -> e
    boolean mShouldShowIcon -> f
    android.app.PendingIntent mActionIntent -> d
androidx.core.graphics.drawable.IconCompat -> androidx.core.graphics.drawable.IconCompat:
    android.graphics.PorterDuff$Mode DEFAULT_TINT_MODE -> j
    java.lang.String mTintModeStr -> i
    android.graphics.PorterDuff$Mode mTintMode -> h
    android.os.Parcelable mParcelable -> d
    java.lang.Object mObj1 -> b
    int mInt2 -> f
    android.content.res.ColorStateList mTintList -> g
    int mInt1 -> e
    byte[] mData -> c
    int mType -> a
    int getResId() -> a
    int getResId(android.graphics.drawable.Icon) -> a
    void onPreParceling(boolean) -> a
    java.lang.String typeToString(int) -> a
    java.lang.String getResPackage() -> b
    java.lang.String getResPackage(android.graphics.drawable.Icon) -> b
    void onPostParceling() -> c
androidx.core.view.KeyEventDispatcher$Component -> a.c.a.a:
androidx.fragment.app.Fragment -> androidx.fragment.app.a:
    android.view.View mView -> a
androidx.fragment.app.Fragment$2 -> androidx.fragment.app.Fragment$2:
    androidx.fragment.app.Fragment this$0 -> a
    void onStateChanged(androidx.lifecycle.LifecycleOwner,androidx.lifecycle.Lifecycle$Event) -> a
androidx.lifecycle.ClassesInfoCache$CallbackInfo -> androidx.lifecycle.a:
    void invokeCallbacks(androidx.lifecycle.LifecycleOwner,androidx.lifecycle.Lifecycle$Event,java.lang.Object) -> a
androidx.lifecycle.CompositeGeneratedAdaptersObserver -> androidx.lifecycle.CompositeGeneratedAdaptersObserver:
    androidx.lifecycle.GeneratedAdapter[] mGeneratedAdapters -> a
    void onStateChanged(androidx.lifecycle.LifecycleOwner,androidx.lifecycle.Lifecycle$Event) -> a
androidx.lifecycle.FullLifecycleObserver -> androidx.lifecycle.b:
    void onStart(androidx.lifecycle.LifecycleOwner) -> a
    void onResume(androidx.lifecycle.LifecycleOwner) -> b
    void onPause(androidx.lifecycle.LifecycleOwner) -> c
    void onDestroy(androidx.lifecycle.LifecycleOwner) -> d
    void onStop(androidx.lifecycle.LifecycleOwner) -> e
    void onCreate(androidx.lifecycle.LifecycleOwner) -> f
androidx.lifecycle.FullLifecycleObserverAdapter -> androidx.lifecycle.FullLifecycleObserverAdapter:
    androidx.lifecycle.FullLifecycleObserver mFullLifecycleObserver -> a
    androidx.lifecycle.LifecycleEventObserver mLifecycleEventObserver -> b
    void onStateChanged(androidx.lifecycle.LifecycleOwner,androidx.lifecycle.Lifecycle$Event) -> a
androidx.lifecycle.FullLifecycleObserverAdapter$1 -> androidx.lifecycle.FullLifecycleObserverAdapter$a:
    int[] $SwitchMap$androidx$lifecycle$Lifecycle$Event -> a
androidx.lifecycle.GeneratedAdapter -> androidx.lifecycle.c:
    void callMethods(androidx.lifecycle.LifecycleOwner,androidx.lifecycle.Lifecycle$Event,boolean,androidx.lifecycle.MethodCallsLogger) -> a
androidx.lifecycle.GenericLifecycleObserver -> androidx.lifecycle.d:
androidx.lifecycle.Lifecycle -> androidx.lifecycle.e:
    androidx.lifecycle.Lifecycle$State getCurrentState() -> a
    void removeObserver(androidx.lifecycle.LifecycleObserver) -> a
androidx.lifecycle.Lifecycle$Event -> androidx.lifecycle.e$a:
androidx.lifecycle.Lifecycle$State -> androidx.lifecycle.e$b:
    androidx.lifecycle.Lifecycle$State INITIALIZED -> b
    androidx.lifecycle.Lifecycle$State DESTROYED -> a
    androidx.lifecycle.Lifecycle$State[] $VALUES -> f
    androidx.lifecycle.Lifecycle$State RESUMED -> e
    androidx.lifecycle.Lifecycle$State STARTED -> d
    androidx.lifecycle.Lifecycle$State CREATED -> c
    boolean isAtLeast(androidx.lifecycle.Lifecycle$State) -> a